<?xml version="1.0" encoding="UTF-8"?>
<!-- Generated by org.testng.reporters.JUnitXMLReporter -->
<testsuite ignored="0" hostname="meedo74-ThinkPad-X230" failures="0" tests="1" name="Swag_labs" time="0.36" errors="0" timestamp="2024-01-21T17:33:05 EET">
  <testcase classname="testcases.Testbase" name="@BeforeTest setupdriver" time="-1.705851185406E9">
    <failure type="org.testng.TestNGException" message="
Parameter &amp;apos;browser&amp;apos; is required by BeforeTest on method setupdriver but has not been marked @Optional or defined
in /home/meedo74/.cache/JetBrains/IdeaIC2023.3/temp-testng-customsuite.xml">
      <![CDATA[org.testng.TestNGException: 
Parameter 'browser' is required by BeforeTest on method setupdriver but has not been marked @Optional or defined
in /home/meedo74/.cache/JetBrains/IdeaIC2023.3/temp-testng-customsuite.xml
at com.intellij.rt.testng.IDEARemoteTestNG.run(IDEARemoteTestNG.java:65)
at com.intellij.rt.testng.RemoteTestNGStarter.main(RemoteTestNGStarter.java:105)
... Removed 18 stack frames]]>
    </failure>
  </testcase> <!-- @BeforeTest setupdriver -->
  <testcase classname="testcases.Testbase" name="@AfterMethod getResult" time="0.0">
    <skipped/>
  </testcase> <!-- @AfterMethod getResult -->
  <testcase classname="testcases.Testbase" name="@AfterTest teardown" time="0.0">
    <skipped/>
  </testcase> <!-- @AfterTest teardown -->
  <testcase classname="testcases.T02_add_to_cart" name="add_to_cart_invalid" time="0.0">
    <skipped/>
  </testcase> <!-- add_to_cart_invalid -->
</testsuite> <!-- Swag_labs -->
